<?xml version="1.0" encoding="UTF-8"?>
<testng-results ignored="0" total="15" passed="15" failed="0" skipped="0">
  <reporter-output>
  </reporter-output>
  <suite started-at="2026-05-28T09:18:36 IST" name="SauceDemo Priority Regression Suite" finished-at="2026-05-28T09:19:32 IST" duration-ms="56026">
    <groups>
      <group name="priority">
        <method signature="CartRegressionTest.verifyPriorityCartFunctionality(java.util.Map)[pri:0, instance:com.saucedemo.ai.tests.CartRegressionTest@3a93b025]" name="verifyPriorityCartFunctionality" class="com.saucedemo.ai.tests.CartRegressionTest"/>
        <method signature="CheckoutRegressionTest.verifyPriorityCheckoutAndOrderFlow(java.util.Map)[pri:0, instance:com.saucedemo.ai.tests.CheckoutRegressionTest@35cabb2a]" name="verifyPriorityCheckoutAndOrderFlow" class="com.saucedemo.ai.tests.CheckoutRegressionTest"/>
        <method signature="LoginRegressionTest.verifyPriorityLoginValidation(java.util.Map)[pri:0, instance:com.saucedemo.ai.tests.LoginRegressionTest@5c5eefef]" name="verifyPriorityLoginValidation" class="com.saucedemo.ai.tests.LoginRegressionTest"/>
        <method signature="NavigationSecurityRegressionTest.verifyPriorityNavigationSessionAndSecurity(java.util.Map)[pri:0, instance:com.saucedemo.ai.tests.NavigationSecurityRegressionTest@7e07db1f]" name="verifyPriorityNavigationSessionAndSecurity" class="com.saucedemo.ai.tests.NavigationSecurityRegressionTest"/>
        <method signature="ProductCatalogRegressionTest.verifyPriorityProductCatalogFeatures(java.util.Map)[pri:0, instance:com.saucedemo.ai.tests.ProductCatalogRegressionTest@79e2c065]" name="verifyPriorityProductCatalogFeatures" class="com.saucedemo.ai.tests.ProductCatalogRegressionTest"/>
        <method signature="UserInterfaceRegressionTest.verifyPriorityUserInterfaceValidation(java.util.Map)[pri:0, instance:com.saucedemo.ai.tests.UserInterfaceRegressionTest@1189dd52]" name="verifyPriorityUserInterfaceValidation" class="com.saucedemo.ai.tests.UserInterfaceRegressionTest"/>
      </group> <!-- priority -->
    </groups>
    <test started-at="2026-05-28T09:18:36 IST" name="Priority Regression Tests" finished-at="2026-05-28T09:19:32 IST" duration-ms="56026">
      <class name="com.saucedemo.ai.tests.LoginRegressionTest">
        <test-method is-config="true" signature="setUpSuite()[pri:0, instance:com.saucedemo.ai.tests.LoginRegressionTest@5c5eefef]" started-at="2026-05-28T09:18:35 IST" name="setUpSuite" finished-at="2026-05-28T09:18:36 IST" duration-ms="226" status="PASS">
          <reporter-output>
          </reporter-output>
        </test-method> <!-- setUpSuite -->
        <test-method is-config="true" signature="setUp(java.lang.reflect.Method,[Ljava.lang.Object;)[pri:0, instance:com.saucedemo.ai.tests.LoginRegressionTest@5c5eefef]" started-at="2026-05-28T09:18:37 IST" name="setUp" finished-at="2026-05-28T09:18:40 IST" duration-ms="2892" status="PASS">
          <params>
            <param index="0">
              <value>
                <![CDATA[public void com.saucedemo.ai.tests.LoginRegressionTest.verifyPriorityLoginValidation(java.util.Map)]]>
              </value>
            </param>
            <param index="1">
              <value>
                <![CDATA[[Ljava.lang.Object;@14b96c1e]]>
              </value>
            </param>
          </params>
          <reporter-output>
          </reporter-output>
        </test-method> <!-- setUp -->
        <test-method signature="verifyPriorityLoginValidation(java.util.Map)[pri:0, instance:com.saucedemo.ai.tests.LoginRegressionTest@5c5eefef]" started-at="2026-05-28T09:18:40 IST" name="verifyPriorityLoginValidation" data-provider="loginPriorityCases" finished-at="2026-05-28T09:18:41 IST" duration-ms="1162" status="PASS">
          <params>
            <param index="0">
              <value>
                <![CDATA[{Test Case ID=TC_001, Scenario ID=SC_001, Scenario Description=User Login Validation, Test Case Description=Login with valid credentials, Type=Positive, Priority=High, Test Steps=1. Open https://www.saucedemo.com/
2. Enter valid username
3. Enter valid password
4. Click Login, Test Data=standard_user / secret_sauce, Expected Result=User should successfully login and Products page should be displayed., Identify=Functional}]]>
              </value>
            </param>
          </params>
          <reporter-output>
          </reporter-output>
        </test-method> <!-- verifyPriorityLoginValidation -->
        <test-method is-config="true" signature="tearDown(org.testng.ITestResult)[pri:0, instance:com.saucedemo.ai.tests.LoginRegressionTest@5c5eefef]" started-at="2026-05-28T09:18:41 IST" name="tearDown" finished-at="2026-05-28T09:18:41 IST" duration-ms="385" status="PASS">
          <params>
            <param index="0">
              <value>
                <![CDATA[[TestResult name=verifyPriorityLoginValidation status=SUCCESS method=LoginRegressionTest.verifyPriorityLoginValidation(java.util.Map)[pri:0, instance:com.saucedemo.ai.tests.LoginRegressionTest@5c5eefef] output={null}]]]>
              </value>
            </param>
          </params>
          <reporter-output>
          </reporter-output>
        </test-method> <!-- tearDown -->
        <test-method is-config="true" signature="tearDownSuite()[pri:0, instance:com.saucedemo.ai.tests.LoginRegressionTest@5c5eefef]" started-at="2026-05-28T09:19:32 IST" name="tearDownSuite" finished-at="2026-05-28T09:19:32 IST" duration-ms="398" status="PASS">
          <reporter-output>
          </reporter-output>
        </test-method> <!-- tearDownSuite -->
      </class> <!-- com.saucedemo.ai.tests.LoginRegressionTest -->
      <class name="com.saucedemo.ai.tests.NavigationSecurityRegressionTest">
        <test-method is-config="true" signature="setUp(java.lang.reflect.Method,[Ljava.lang.Object;)[pri:0, instance:com.saucedemo.ai.tests.NavigationSecurityRegressionTest@7e07db1f]" started-at="2026-05-28T09:19:22 IST" name="setUp" finished-at="2026-05-28T09:19:24 IST" duration-ms="1783" status="PASS">
          <params>
            <param index="0">
              <value>
                <![CDATA[public void com.saucedemo.ai.tests.NavigationSecurityRegressionTest.verifyPriorityNavigationSessionAndSecurity(java.util.Map)]]>
              </value>
            </param>
            <param index="1">
              <value>
                <![CDATA[[Ljava.lang.Object;@491cc0eb]]>
              </value>
            </param>
          </params>
          <reporter-output>
          </reporter-output>
        </test-method> <!-- setUp -->
        <test-method signature="verifyPriorityNavigationSessionAndSecurity(java.util.Map)[pri:0, instance:com.saucedemo.ai.tests.NavigationSecurityRegressionTest@7e07db1f]" started-at="2026-05-28T09:19:24 IST" name="verifyPriorityNavigationSessionAndSecurity" data-provider="navigationSecurityPriorityCases" finished-at="2026-05-28T09:19:26 IST" duration-ms="1731" status="PASS">
          <params>
            <param index="0">
              <value>
                <![CDATA[{Test Case ID=TC_040, Scenario ID=SC_009, Scenario Description=Navigation and Logout, Test Case Description=Logout from application, Type=Functional, Priority=High, Test Steps=1. Login
2. Open menu
3. Click Logout, Test Data=Logged-in user, Expected Result=User should return to login page., Identify=Functional}]]>
              </value>
            </param>
          </params>
          <reporter-output>
          </reporter-output>
        </test-method> <!-- verifyPriorityNavigationSessionAndSecurity -->
        <test-method is-config="true" signature="tearDown(org.testng.ITestResult)[pri:0, instance:com.saucedemo.ai.tests.NavigationSecurityRegressionTest@7e07db1f]" started-at="2026-05-28T09:19:26 IST" name="tearDown" finished-at="2026-05-28T09:19:26 IST" duration-ms="372" status="PASS">
          <params>
            <param index="0">
              <value>
                <![CDATA[[TestResult name=verifyPriorityNavigationSessionAndSecurity status=SUCCESS method=NavigationSecurityRegressionTest.verifyPriorityNavigationSessionAndSecurity(java.util.Map)[pri:0, instance:com.saucedemo.ai.tests.NavigationSecurityRegressionTest@7e07db1f] output={null}]]]>
              </value>
            </param>
          </params>
          <reporter-output>
          </reporter-output>
        </test-method> <!-- tearDown -->
        <test-method is-config="true" signature="setUp(java.lang.reflect.Method,[Ljava.lang.Object;)[pri:0, instance:com.saucedemo.ai.tests.NavigationSecurityRegressionTest@7e07db1f]" started-at="2026-05-28T09:19:26 IST" name="setUp" finished-at="2026-05-28T09:19:28 IST" duration-ms="1846" status="PASS">
          <params>
            <param index="0">
              <value>
                <![CDATA[public void com.saucedemo.ai.tests.NavigationSecurityRegressionTest.verifyPriorityNavigationSessionAndSecurity(java.util.Map)]]>
              </value>
            </param>
            <param index="1">
              <value>
                <![CDATA[[Ljava.lang.Object;@727f36dd]]>
              </value>
            </param>
          </params>
          <reporter-output>
          </reporter-output>
        </test-method> <!-- setUp -->
        <test-method signature="verifyPriorityNavigationSessionAndSecurity(java.util.Map)[pri:0, instance:com.saucedemo.ai.tests.NavigationSecurityRegressionTest@7e07db1f]" started-at="2026-05-28T09:19:28 IST" name="verifyPriorityNavigationSessionAndSecurity" data-provider="navigationSecurityPriorityCases" finished-at="2026-05-28T09:19:28 IST" duration-ms="309" status="PASS">
          <params>
            <param index="0">
              <value>
                <![CDATA[{Test Case ID=TC_045, Scenario ID=SC_011, Scenario Description=Security and Unauthorized Access, Test Case Description=Access products page without login, Type=Security, Priority=High, Test Steps=1. Open products page URL directly without login, Test Data=No session, Expected Result=Access should be blocked and user should be redirected to login., Identify=Security}]]>
              </value>
            </param>
          </params>
          <reporter-output>
          </reporter-output>
        </test-method> <!-- verifyPriorityNavigationSessionAndSecurity -->
        <test-method is-config="true" signature="tearDown(org.testng.ITestResult)[pri:0, instance:com.saucedemo.ai.tests.NavigationSecurityRegressionTest@7e07db1f]" started-at="2026-05-28T09:19:28 IST" name="tearDown" finished-at="2026-05-28T09:19:29 IST" duration-ms="433" status="PASS">
          <params>
            <param index="0">
              <value>
                <![CDATA[[TestResult name=verifyPriorityNavigationSessionAndSecurity status=SUCCESS method=NavigationSecurityRegressionTest.verifyPriorityNavigationSessionAndSecurity(java.util.Map)[pri:0, instance:com.saucedemo.ai.tests.NavigationSecurityRegressionTest@7e07db1f] output={null}]]]>
              </value>
            </param>
          </params>
          <reporter-output>
          </reporter-output>
        </test-method> <!-- tearDown -->
        <test-method is-config="true" signature="setUp(java.lang.reflect.Method,[Ljava.lang.Object;)[pri:0, instance:com.saucedemo.ai.tests.NavigationSecurityRegressionTest@7e07db1f]" started-at="2026-05-28T09:19:29 IST" name="setUp" finished-at="2026-05-28T09:19:31 IST" duration-ms="2061" status="PASS">
          <params>
            <param index="0">
              <value>
                <![CDATA[public void com.saucedemo.ai.tests.NavigationSecurityRegressionTest.verifyPriorityNavigationSessionAndSecurity(java.util.Map)]]>
              </value>
            </param>
            <param index="1">
              <value>
                <![CDATA[[Ljava.lang.Object;@2c70a1de]]>
              </value>
            </param>
          </params>
          <reporter-output>
          </reporter-output>
        </test-method> <!-- setUp -->
        <test-method signature="verifyPriorityNavigationSessionAndSecurity(java.util.Map)[pri:0, instance:com.saucedemo.ai.tests.NavigationSecurityRegressionTest@7e07db1f]" started-at="2026-05-28T09:19:31 IST" name="verifyPriorityNavigationSessionAndSecurity" data-provider="navigationSecurityPriorityCases" finished-at="2026-05-28T09:19:31 IST" duration-ms="357" status="PASS">
          <params>
            <param index="0">
              <value>
                <![CDATA[{Test Case ID=TC_046, Scenario ID=SC_011, Scenario Description=Security and Unauthorized Access, Test Case Description=Access cart page without login, Type=Security, Priority=High, Test Steps=1. Open cart page URL directly without login, Test Data=No session, Expected Result=Access should be blocked and user should be redirected to login., Identify=Security}]]>
              </value>
            </param>
          </params>
          <reporter-output>
          </reporter-output>
        </test-method> <!-- verifyPriorityNavigationSessionAndSecurity -->
        <test-method is-config="true" signature="tearDown(org.testng.ITestResult)[pri:0, instance:com.saucedemo.ai.tests.NavigationSecurityRegressionTest@7e07db1f]" started-at="2026-05-28T09:19:31 IST" name="tearDown" finished-at="2026-05-28T09:19:32 IST" duration-ms="329" status="PASS">
          <params>
            <param index="0">
              <value>
                <![CDATA[[TestResult name=verifyPriorityNavigationSessionAndSecurity status=SUCCESS method=NavigationSecurityRegressionTest.verifyPriorityNavigationSessionAndSecurity(java.util.Map)[pri:0, instance:com.saucedemo.ai.tests.NavigationSecurityRegressionTest@7e07db1f] output={null}]]]>
              </value>
            </param>
          </params>
          <reporter-output>
          </reporter-output>
        </test-method> <!-- tearDown -->
      </class> <!-- com.saucedemo.ai.tests.NavigationSecurityRegressionTest -->
      <class name="com.saucedemo.ai.tests.ProductCatalogRegressionTest">
        <test-method is-config="true" signature="setUp(java.lang.reflect.Method,[Ljava.lang.Object;)[pri:0, instance:com.saucedemo.ai.tests.ProductCatalogRegressionTest@79e2c065]" started-at="2026-05-28T09:18:41 IST" name="setUp" finished-at="2026-05-28T09:18:43 IST" duration-ms="1872" status="PASS">
          <params>
            <param index="0">
              <value>
                <![CDATA[public void com.saucedemo.ai.tests.ProductCatalogRegressionTest.verifyPriorityProductCatalogFeatures(java.util.Map)]]>
              </value>
            </param>
            <param index="1">
              <value>
                <![CDATA[[Ljava.lang.Object;@229514ff]]>
              </value>
            </param>
          </params>
          <reporter-output>
          </reporter-output>
        </test-method> <!-- setUp -->
        <test-method signature="verifyPriorityProductCatalogFeatures(java.util.Map)[pri:0, instance:com.saucedemo.ai.tests.ProductCatalogRegressionTest@79e2c065]" started-at="2026-05-28T09:18:43 IST" name="verifyPriorityProductCatalogFeatures" data-provider="productCatalogPriorityCases" finished-at="2026-05-28T09:18:45 IST" duration-ms="1615" status="PASS">
          <params>
            <param index="0">
              <value>
                <![CDATA[{Test Case ID=TC_025, Scenario ID=SC_006, Scenario Description=Product Sorting Validation, Test Case Description=Sort products by Name A to Z, Type=Functional, Priority=Medium, Test Steps=1. Login
2. Select Name A to Z, Test Data=Sort dropdown, Expected Result=Products should be sorted alphabetically A to Z., Identify=Functional}]]>
              </value>
            </param>
          </params>
          <reporter-output>
          </reporter-output>
        </test-method> <!-- verifyPriorityProductCatalogFeatures -->
        <test-method is-config="true" signature="tearDown(org.testng.ITestResult)[pri:0, instance:com.saucedemo.ai.tests.ProductCatalogRegressionTest@79e2c065]" started-at="2026-05-28T09:18:45 IST" name="tearDown" finished-at="2026-05-28T09:18:45 IST" duration-ms="206" status="PASS">
          <params>
            <param index="0">
              <value>
                <![CDATA[[TestResult name=verifyPriorityProductCatalogFeatures status=SUCCESS method=ProductCatalogRegressionTest.verifyPriorityProductCatalogFeatures(java.util.Map)[pri:0, instance:com.saucedemo.ai.tests.ProductCatalogRegressionTest@79e2c065] output={null}]]]>
              </value>
            </param>
          </params>
          <reporter-output>
          </reporter-output>
        </test-method> <!-- tearDown -->
        <test-method is-config="true" signature="setUp(java.lang.reflect.Method,[Ljava.lang.Object;)[pri:0, instance:com.saucedemo.ai.tests.ProductCatalogRegressionTest@79e2c065]" started-at="2026-05-28T09:18:45 IST" name="setUp" finished-at="2026-05-28T09:18:47 IST" duration-ms="1819" status="PASS">
          <params>
            <param index="0">
              <value>
                <![CDATA[public void com.saucedemo.ai.tests.ProductCatalogRegressionTest.verifyPriorityProductCatalogFeatures(java.util.Map)]]>
              </value>
            </param>
            <param index="1">
              <value>
                <![CDATA[[Ljava.lang.Object;@664254b6]]>
              </value>
            </param>
          </params>
          <reporter-output>
          </reporter-output>
        </test-method> <!-- setUp -->
        <test-method signature="verifyPriorityProductCatalogFeatures(java.util.Map)[pri:0, instance:com.saucedemo.ai.tests.ProductCatalogRegressionTest@79e2c065]" started-at="2026-05-28T09:18:47 IST" name="verifyPriorityProductCatalogFeatures" data-provider="productCatalogPriorityCases" finished-at="2026-05-28T09:18:48 IST" duration-ms="1238" status="PASS">
          <params>
            <param index="0">
              <value>
                <![CDATA[{Test Case ID=TC_027, Scenario ID=SC_006, Scenario Description=Product Sorting Validation, Test Case Description=Sort products by Price low to high, Type=Functional, Priority=Medium, Test Steps=1. Login
2. Select Price low to high, Test Data=Sort dropdown, Expected Result=Products should be sorted by ascending price., Identify=Functional}]]>
              </value>
            </param>
          </params>
          <reporter-output>
          </reporter-output>
        </test-method> <!-- verifyPriorityProductCatalogFeatures -->
        <test-method is-config="true" signature="tearDown(org.testng.ITestResult)[pri:0, instance:com.saucedemo.ai.tests.ProductCatalogRegressionTest@79e2c065]" started-at="2026-05-28T09:18:48 IST" name="tearDown" finished-at="2026-05-28T09:18:48 IST" duration-ms="370" status="PASS">
          <params>
            <param index="0">
              <value>
                <![CDATA[[TestResult name=verifyPriorityProductCatalogFeatures status=SUCCESS method=ProductCatalogRegressionTest.verifyPriorityProductCatalogFeatures(java.util.Map)[pri:0, instance:com.saucedemo.ai.tests.ProductCatalogRegressionTest@79e2c065] output={null}]]]>
              </value>
            </param>
          </params>
          <reporter-output>
          </reporter-output>
        </test-method> <!-- tearDown -->
      </class> <!-- com.saucedemo.ai.tests.ProductCatalogRegressionTest -->
      <class name="com.saucedemo.ai.tests.CheckoutRegressionTest">
        <test-method is-config="true" signature="setUp(java.lang.reflect.Method,[Ljava.lang.Object;)[pri:0, instance:com.saucedemo.ai.tests.CheckoutRegressionTest@35cabb2a]" started-at="2026-05-28T09:18:59 IST" name="setUp" finished-at="2026-05-28T09:19:01 IST" duration-ms="1867" status="PASS">
          <params>
            <param index="0">
              <value>
                <![CDATA[public void com.saucedemo.ai.tests.CheckoutRegressionTest.verifyPriorityCheckoutAndOrderFlow(java.util.Map)]]>
              </value>
            </param>
            <param index="1">
              <value>
                <![CDATA[[Ljava.lang.Object;@50e6ee24]]>
              </value>
            </param>
          </params>
          <reporter-output>
          </reporter-output>
        </test-method> <!-- setUp -->
        <test-method signature="verifyPriorityCheckoutAndOrderFlow(java.util.Map)[pri:0, instance:com.saucedemo.ai.tests.CheckoutRegressionTest@35cabb2a]" started-at="2026-05-28T09:19:01 IST" name="verifyPriorityCheckoutAndOrderFlow" data-provider="checkoutPriorityCases" finished-at="2026-05-28T09:19:02 IST" duration-ms="1616" status="PASS">
          <params>
            <param index="0">
              <value>
                <![CDATA[{Test Case ID=TC_017, Scenario ID=SC_004, Scenario Description=Checkout Information Validation, Test Case Description=Checkout with valid customer details, Type=Positive, Priority=High, Test Steps=1. Enter first name
2. Enter last name
3. Enter postal code
4. Click Continue, Test Data=Vaibhav / Shinde / 400001, Expected Result=Checkout overview page should be displayed., Identify=Functional}]]>
              </value>
            </param>
          </params>
          <reporter-output>
          </reporter-output>
        </test-method> <!-- verifyPriorityCheckoutAndOrderFlow -->
        <test-method is-config="true" signature="tearDown(org.testng.ITestResult)[pri:0, instance:com.saucedemo.ai.tests.CheckoutRegressionTest@35cabb2a]" started-at="2026-05-28T09:19:02 IST" name="tearDown" finished-at="2026-05-28T09:19:03 IST" duration-ms="370" status="PASS">
          <params>
            <param index="0">
              <value>
                <![CDATA[[TestResult name=verifyPriorityCheckoutAndOrderFlow status=SUCCESS method=CheckoutRegressionTest.verifyPriorityCheckoutAndOrderFlow(java.util.Map)[pri:0, instance:com.saucedemo.ai.tests.CheckoutRegressionTest@35cabb2a] output={null}]]]>
              </value>
            </param>
          </params>
          <reporter-output>
          </reporter-output>
        </test-method> <!-- tearDown -->
        <test-method is-config="true" signature="setUp(java.lang.reflect.Method,[Ljava.lang.Object;)[pri:0, instance:com.saucedemo.ai.tests.CheckoutRegressionTest@35cabb2a]" started-at="2026-05-28T09:19:03 IST" name="setUp" finished-at="2026-05-28T09:19:05 IST" duration-ms="1675" status="PASS">
          <params>
            <param index="0">
              <value>
                <![CDATA[public void com.saucedemo.ai.tests.CheckoutRegressionTest.verifyPriorityCheckoutAndOrderFlow(java.util.Map)]]>
              </value>
            </param>
            <param index="1">
              <value>
                <![CDATA[[Ljava.lang.Object;@7acb5200]]>
              </value>
            </param>
          </params>
          <reporter-output>
          </reporter-output>
        </test-method> <!-- setUp -->
        <test-method signature="verifyPriorityCheckoutAndOrderFlow(java.util.Map)[pri:0, instance:com.saucedemo.ai.tests.CheckoutRegressionTest@35cabb2a]" started-at="2026-05-28T09:19:05 IST" name="verifyPriorityCheckoutAndOrderFlow" data-provider="checkoutPriorityCases" finished-at="2026-05-28T09:19:06 IST" duration-ms="1696" status="PASS">
          <params>
            <param index="0">
              <value>
                <![CDATA[{Test Case ID=TC_018, Scenario ID=SC_004, Scenario Description=Checkout Information Validation, Test Case Description=Checkout with blank first name, Type=Negative, Priority=High, Test Steps=1. Keep first name blank
2. Enter other details
3. Click Continue, Test Data=Blank first name, Expected Result=First name required error should be displayed., Identify=UI Validation}]]>
              </value>
            </param>
          </params>
          <reporter-output>
          </reporter-output>
        </test-method> <!-- verifyPriorityCheckoutAndOrderFlow -->
        <test-method is-config="true" signature="tearDown(org.testng.ITestResult)[pri:0, instance:com.saucedemo.ai.tests.CheckoutRegressionTest@35cabb2a]" started-at="2026-05-28T09:19:06 IST" name="tearDown" finished-at="2026-05-28T09:19:07 IST" duration-ms="279" status="PASS">
          <params>
            <param index="0">
              <value>
                <![CDATA[[TestResult name=verifyPriorityCheckoutAndOrderFlow status=SUCCESS method=CheckoutRegressionTest.verifyPriorityCheckoutAndOrderFlow(java.util.Map)[pri:0, instance:com.saucedemo.ai.tests.CheckoutRegressionTest@35cabb2a] output={null}]]]>
              </value>
            </param>
          </params>
          <reporter-output>
          </reporter-output>
        </test-method> <!-- tearDown -->
        <test-method is-config="true" signature="setUp(java.lang.reflect.Method,[Ljava.lang.Object;)[pri:0, instance:com.saucedemo.ai.tests.CheckoutRegressionTest@35cabb2a]" started-at="2026-05-28T09:19:07 IST" name="setUp" finished-at="2026-05-28T09:19:08 IST" duration-ms="1970" status="PASS">
          <params>
            <param index="0">
              <value>
                <![CDATA[public void com.saucedemo.ai.tests.CheckoutRegressionTest.verifyPriorityCheckoutAndOrderFlow(java.util.Map)]]>
              </value>
            </param>
            <param index="1">
              <value>
                <![CDATA[[Ljava.lang.Object;@3d50a3d9]]>
              </value>
            </param>
          </params>
          <reporter-output>
          </reporter-output>
        </test-method> <!-- setUp -->
        <test-method signature="verifyPriorityCheckoutAndOrderFlow(java.util.Map)[pri:0, instance:com.saucedemo.ai.tests.CheckoutRegressionTest@35cabb2a]" started-at="2026-05-28T09:19:08 IST" name="verifyPriorityCheckoutAndOrderFlow" data-provider="checkoutPriorityCases" finished-at="2026-05-28T09:19:10 IST" duration-ms="1653" status="PASS">
          <params>
            <param index="0">
              <value>
                <![CDATA[{Test Case ID=TC_019, Scenario ID=SC_004, Scenario Description=Checkout Information Validation, Test Case Description=Checkout with blank last name, Type=Negative, Priority=High, Test Steps=1. Enter first name
2. Keep last name blank
3. Enter postal code
4. Click Continue, Test Data=Blank last name, Expected Result=Last name required error should be displayed., Identify=UI Validation}]]>
              </value>
            </param>
          </params>
          <reporter-output>
          </reporter-output>
        </test-method> <!-- verifyPriorityCheckoutAndOrderFlow -->
        <test-method is-config="true" signature="tearDown(org.testng.ITestResult)[pri:0, instance:com.saucedemo.ai.tests.CheckoutRegressionTest@35cabb2a]" started-at="2026-05-28T09:19:10 IST" name="tearDown" finished-at="2026-05-28T09:19:10 IST" duration-ms="313" status="PASS">
          <params>
            <param index="0">
              <value>
                <![CDATA[[TestResult name=verifyPriorityCheckoutAndOrderFlow status=SUCCESS method=CheckoutRegressionTest.verifyPriorityCheckoutAndOrderFlow(java.util.Map)[pri:0, instance:com.saucedemo.ai.tests.CheckoutRegressionTest@35cabb2a] output={null}]]]>
              </value>
            </param>
          </params>
          <reporter-output>
          </reporter-output>
        </test-method> <!-- tearDown -->
        <test-method is-config="true" signature="setUp(java.lang.reflect.Method,[Ljava.lang.Object;)[pri:0, instance:com.saucedemo.ai.tests.CheckoutRegressionTest@35cabb2a]" started-at="2026-05-28T09:19:10 IST" name="setUp" finished-at="2026-05-28T09:19:12 IST" duration-ms="1814" status="PASS">
          <params>
            <param index="0">
              <value>
                <![CDATA[public void com.saucedemo.ai.tests.CheckoutRegressionTest.verifyPriorityCheckoutAndOrderFlow(java.util.Map)]]>
              </value>
            </param>
            <param index="1">
              <value>
                <![CDATA[[Ljava.lang.Object;@3661b732]]>
              </value>
            </param>
          </params>
          <reporter-output>
          </reporter-output>
        </test-method> <!-- setUp -->
        <test-method signature="verifyPriorityCheckoutAndOrderFlow(java.util.Map)[pri:0, instance:com.saucedemo.ai.tests.CheckoutRegressionTest@35cabb2a]" started-at="2026-05-28T09:19:12 IST" name="verifyPriorityCheckoutAndOrderFlow" data-provider="checkoutPriorityCases" finished-at="2026-05-28T09:19:14 IST" duration-ms="1487" status="PASS">
          <params>
            <param index="0">
              <value>
                <![CDATA[{Test Case ID=TC_020, Scenario ID=SC_004, Scenario Description=Checkout Information Validation, Test Case Description=Checkout with blank postal code, Type=Negative, Priority=High, Test Steps=1. Enter first name and last name
2. Keep postal code blank
3. Click Continue, Test Data=Blank postal code, Expected Result=Postal code required error should be displayed., Identify=UI Validation}]]>
              </value>
            </param>
          </params>
          <reporter-output>
          </reporter-output>
        </test-method> <!-- verifyPriorityCheckoutAndOrderFlow -->
        <test-method is-config="true" signature="tearDown(org.testng.ITestResult)[pri:0, instance:com.saucedemo.ai.tests.CheckoutRegressionTest@35cabb2a]" started-at="2026-05-28T09:19:14 IST" name="tearDown" finished-at="2026-05-28T09:19:14 IST" duration-ms="363" status="PASS">
          <params>
            <param index="0">
              <value>
                <![CDATA[[TestResult name=verifyPriorityCheckoutAndOrderFlow status=SUCCESS method=CheckoutRegressionTest.verifyPriorityCheckoutAndOrderFlow(java.util.Map)[pri:0, instance:com.saucedemo.ai.tests.CheckoutRegressionTest@35cabb2a] output={null}]]]>
              </value>
            </param>
          </params>
          <reporter-output>
          </reporter-output>
        </test-method> <!-- tearDown -->
        <test-method is-config="true" signature="setUp(java.lang.reflect.Method,[Ljava.lang.Object;)[pri:0, instance:com.saucedemo.ai.tests.CheckoutRegressionTest@35cabb2a]" started-at="2026-05-28T09:19:14 IST" name="setUp" finished-at="2026-05-28T09:19:16 IST" duration-ms="1944" status="PASS">
          <params>
            <param index="0">
              <value>
                <![CDATA[public void com.saucedemo.ai.tests.CheckoutRegressionTest.verifyPriorityCheckoutAndOrderFlow(java.util.Map)]]>
              </value>
            </param>
            <param index="1">
              <value>
                <![CDATA[[Ljava.lang.Object;@5111f814]]>
              </value>
            </param>
          </params>
          <reporter-output>
          </reporter-output>
        </test-method> <!-- setUp -->
        <test-method signature="verifyPriorityCheckoutAndOrderFlow(java.util.Map)[pri:0, instance:com.saucedemo.ai.tests.CheckoutRegressionTest@35cabb2a]" started-at="2026-05-28T09:19:16 IST" name="verifyPriorityCheckoutAndOrderFlow" data-provider="checkoutPriorityCases" finished-at="2026-05-28T09:19:18 IST" duration-ms="1777" status="PASS">
          <params>
            <param index="0">
              <value>
                <![CDATA[{Test Case ID=TC_022, Scenario ID=SC_005, Scenario Description=Order Completion, Test Case Description=Verify checkout overview details, Type=Functional, Priority=High, Test Steps=1. Add product
2. Complete checkout info
3. Verify overview, Test Data=Valid checkout, Expected Result=Item, price, payment info, shipping info, tax, and total should be visible., Identify=Functional}]]>
              </value>
            </param>
          </params>
          <reporter-output>
          </reporter-output>
        </test-method> <!-- verifyPriorityCheckoutAndOrderFlow -->
        <test-method is-config="true" signature="tearDown(org.testng.ITestResult)[pri:0, instance:com.saucedemo.ai.tests.CheckoutRegressionTest@35cabb2a]" started-at="2026-05-28T09:19:18 IST" name="tearDown" finished-at="2026-05-28T09:19:18 IST" duration-ms="373" status="PASS">
          <params>
            <param index="0">
              <value>
                <![CDATA[[TestResult name=verifyPriorityCheckoutAndOrderFlow status=SUCCESS method=CheckoutRegressionTest.verifyPriorityCheckoutAndOrderFlow(java.util.Map)[pri:0, instance:com.saucedemo.ai.tests.CheckoutRegressionTest@35cabb2a] output={null}]]]>
              </value>
            </param>
          </params>
          <reporter-output>
          </reporter-output>
        </test-method> <!-- tearDown -->
        <test-method is-config="true" signature="setUp(java.lang.reflect.Method,[Ljava.lang.Object;)[pri:0, instance:com.saucedemo.ai.tests.CheckoutRegressionTest@35cabb2a]" started-at="2026-05-28T09:19:18 IST" name="setUp" finished-at="2026-05-28T09:19:20 IST" duration-ms="1873" status="PASS">
          <params>
            <param index="0">
              <value>
                <![CDATA[public void com.saucedemo.ai.tests.CheckoutRegressionTest.verifyPriorityCheckoutAndOrderFlow(java.util.Map)]]>
              </value>
            </param>
            <param index="1">
              <value>
                <![CDATA[[Ljava.lang.Object;@71eafb64]]>
              </value>
            </param>
          </params>
          <reporter-output>
          </reporter-output>
        </test-method> <!-- setUp -->
        <test-method signature="verifyPriorityCheckoutAndOrderFlow(java.util.Map)[pri:0, instance:com.saucedemo.ai.tests.CheckoutRegressionTest@35cabb2a]" started-at="2026-05-28T09:19:20 IST" name="verifyPriorityCheckoutAndOrderFlow" data-provider="checkoutPriorityCases" finished-at="2026-05-28T09:19:22 IST" duration-ms="1836" status="PASS">
          <params>
            <param index="0">
              <value>
                <![CDATA[{Test Case ID=TC_023, Scenario ID=SC_005, Scenario Description=Order Completion, Test Case Description=Complete order successfully, Type=Positive, Priority=Critical, Test Steps=1. From overview page
2. Click Finish, Test Data=Valid checkout, Expected Result=Order confirmation message should be displayed., Identify=Functional}]]>
              </value>
            </param>
          </params>
          <reporter-output>
          </reporter-output>
        </test-method> <!-- verifyPriorityCheckoutAndOrderFlow -->
        <test-method is-config="true" signature="tearDown(org.testng.ITestResult)[pri:0, instance:com.saucedemo.ai.tests.CheckoutRegressionTest@35cabb2a]" started-at="2026-05-28T09:19:22 IST" name="tearDown" finished-at="2026-05-28T09:19:22 IST" duration-ms="334" status="PASS">
          <params>
            <param index="0">
              <value>
                <![CDATA[[TestResult name=verifyPriorityCheckoutAndOrderFlow status=SUCCESS method=CheckoutRegressionTest.verifyPriorityCheckoutAndOrderFlow(java.util.Map)[pri:0, instance:com.saucedemo.ai.tests.CheckoutRegressionTest@35cabb2a] output={null}]]]>
              </value>
            </param>
          </params>
          <reporter-output>
          </reporter-output>
        </test-method> <!-- tearDown -->
      </class> <!-- com.saucedemo.ai.tests.CheckoutRegressionTest -->
      <class name="com.saucedemo.ai.tests.CartRegressionTest">
        <test-method is-config="true" signature="setUp(java.lang.reflect.Method,[Ljava.lang.Object;)[pri:0, instance:com.saucedemo.ai.tests.CartRegressionTest@3a93b025]" started-at="2026-05-28T09:18:49 IST" name="setUp" finished-at="2026-05-28T09:18:50 IST" duration-ms="1802" status="PASS">
          <params>
            <param index="0">
              <value>
                <![CDATA[public void com.saucedemo.ai.tests.CartRegressionTest.verifyPriorityCartFunctionality(java.util.Map)]]>
              </value>
            </param>
            <param index="1">
              <value>
                <![CDATA[[Ljava.lang.Object;@714b6999]]>
              </value>
            </param>
          </params>
          <reporter-output>
          </reporter-output>
        </test-method> <!-- setUp -->
        <test-method signature="verifyPriorityCartFunctionality(java.util.Map)[pri:0, instance:com.saucedemo.ai.tests.CartRegressionTest@3a93b025]" started-at="2026-05-28T09:18:50 IST" name="verifyPriorityCartFunctionality" data-provider="cartPriorityCases" finished-at="2026-05-28T09:18:52 IST" duration-ms="1135" status="PASS">
          <params>
            <param index="0">
              <value>
                <![CDATA[{Test Case ID=TC_010, Scenario ID=SC_003, Scenario Description=Cart Functionality, Test Case Description=Add one product to cart, Type=Positive, Priority=High, Test Steps=1. Login
2. Click Add to cart on one product, Test Data=Sauce Labs Backpack, Expected Result=Cart badge should display count 1 and button should change to Remove., Identify=Functional}]]>
              </value>
            </param>
          </params>
          <reporter-output>
          </reporter-output>
        </test-method> <!-- verifyPriorityCartFunctionality -->
        <test-method is-config="true" signature="tearDown(org.testng.ITestResult)[pri:0, instance:com.saucedemo.ai.tests.CartRegressionTest@3a93b025]" started-at="2026-05-28T09:18:52 IST" name="tearDown" finished-at="2026-05-28T09:18:52 IST" duration-ms="306" status="PASS">
          <params>
            <param index="0">
              <value>
                <![CDATA[[TestResult name=verifyPriorityCartFunctionality status=SUCCESS method=CartRegressionTest.verifyPriorityCartFunctionality(java.util.Map)[pri:0, instance:com.saucedemo.ai.tests.CartRegressionTest@3a93b025] output={null}]]]>
              </value>
            </param>
          </params>
          <reporter-output>
          </reporter-output>
        </test-method> <!-- tearDown -->
        <test-method is-config="true" signature="setUp(java.lang.reflect.Method,[Ljava.lang.Object;)[pri:0, instance:com.saucedemo.ai.tests.CartRegressionTest@3a93b025]" started-at="2026-05-28T09:18:52 IST" name="setUp" finished-at="2026-05-28T09:18:54 IST" duration-ms="1817" status="PASS">
          <params>
            <param index="0">
              <value>
                <![CDATA[public void com.saucedemo.ai.tests.CartRegressionTest.verifyPriorityCartFunctionality(java.util.Map)]]>
              </value>
            </param>
            <param index="1">
              <value>
                <![CDATA[[Ljava.lang.Object;@2e4d2232]]>
              </value>
            </param>
          </params>
          <reporter-output>
          </reporter-output>
        </test-method> <!-- setUp -->
        <test-method signature="verifyPriorityCartFunctionality(java.util.Map)[pri:0, instance:com.saucedemo.ai.tests.CartRegressionTest@3a93b025]" started-at="2026-05-28T09:18:54 IST" name="verifyPriorityCartFunctionality" data-provider="cartPriorityCases" finished-at="2026-05-28T09:18:55 IST" duration-ms="1208" status="PASS">
          <params>
            <param index="0">
              <value>
                <![CDATA[{Test Case ID=TC_013, Scenario ID=SC_003, Scenario Description=Cart Functionality, Test Case Description=Open cart after adding product, Type=Functional, Priority=High, Test Steps=1. Add product
2. Click cart icon, Test Data=Added product, Expected Result=Cart page should show selected product details., Identify=Functional}]]>
              </value>
            </param>
          </params>
          <reporter-output>
          </reporter-output>
        </test-method> <!-- verifyPriorityCartFunctionality -->
        <test-method is-config="true" signature="tearDown(org.testng.ITestResult)[pri:0, instance:com.saucedemo.ai.tests.CartRegressionTest@3a93b025]" started-at="2026-05-28T09:18:55 IST" name="tearDown" finished-at="2026-05-28T09:18:55 IST" duration-ms="308" status="PASS">
          <params>
            <param index="0">
              <value>
                <![CDATA[[TestResult name=verifyPriorityCartFunctionality status=SUCCESS method=CartRegressionTest.verifyPriorityCartFunctionality(java.util.Map)[pri:0, instance:com.saucedemo.ai.tests.CartRegressionTest@3a93b025] output={null}]]]>
              </value>
            </param>
          </params>
          <reporter-output>
          </reporter-output>
        </test-method> <!-- tearDown -->
        <test-method is-config="true" signature="setUp(java.lang.reflect.Method,[Ljava.lang.Object;)[pri:0, instance:com.saucedemo.ai.tests.CartRegressionTest@3a93b025]" started-at="2026-05-28T09:18:55 IST" name="setUp" finished-at="2026-05-28T09:18:57 IST" duration-ms="1793" status="PASS">
          <params>
            <param index="0">
              <value>
                <![CDATA[public void com.saucedemo.ai.tests.CartRegressionTest.verifyPriorityCartFunctionality(java.util.Map)]]>
              </value>
            </param>
            <param index="1">
              <value>
                <![CDATA[[Ljava.lang.Object;@24f5e9e8]]>
              </value>
            </param>
          </params>
          <reporter-output>
          </reporter-output>
        </test-method> <!-- setUp -->
        <test-method signature="verifyPriorityCartFunctionality(java.util.Map)[pri:0, instance:com.saucedemo.ai.tests.CartRegressionTest@3a93b025]" started-at="2026-05-28T09:18:57 IST" name="verifyPriorityCartFunctionality" data-provider="cartPriorityCases" finished-at="2026-05-28T09:18:58 IST" duration-ms="1482" status="PASS">
          <params>
            <param index="0">
              <value>
                <![CDATA[{Test Case ID=TC_031, Scenario ID=SC_007, Scenario Description=Edge Case Validation, Test Case Description=Refresh browser after adding product, Type=Edge, Priority=Medium, Test Steps=1. Add product
2. Refresh browser, Test Data=Added product, Expected Result=Cart state should remain consistent after refresh., Identify=Edge}]]>
              </value>
            </param>
          </params>
          <reporter-output>
          </reporter-output>
        </test-method> <!-- verifyPriorityCartFunctionality -->
        <test-method is-config="true" signature="tearDown(org.testng.ITestResult)[pri:0, instance:com.saucedemo.ai.tests.CartRegressionTest@3a93b025]" started-at="2026-05-28T09:18:59 IST" name="tearDown" finished-at="2026-05-28T09:18:59 IST" duration-ms="366" status="PASS">
          <params>
            <param index="0">
              <value>
                <![CDATA[[TestResult name=verifyPriorityCartFunctionality status=SUCCESS method=CartRegressionTest.verifyPriorityCartFunctionality(java.util.Map)[pri:0, instance:com.saucedemo.ai.tests.CartRegressionTest@3a93b025] output={null}]]]>
              </value>
            </param>
          </params>
          <reporter-output>
          </reporter-output>
        </test-method> <!-- tearDown -->
      </class> <!-- com.saucedemo.ai.tests.CartRegressionTest -->
    </test> <!-- Priority Regression Tests -->
  </suite> <!-- SauceDemo Priority Regression Suite -->
</testng-results>
