<?xml version="1.0" encoding="UTF-8"?>
<!-- Generated by org.testng.reporters.JUnitXMLReporter -->
<testsuite ignored="16" hostname="AishwaryaShinde" failures="0" tests="15" name="Priority Regression Tests" time="56.026" errors="0" timestamp="2026-05-28T09:19:32 IST">
  <testcase classname="com.saucedemo.ai.tests.LoginRegressionTest" name="verifyPriorityLoginValidation" time="1.162"/>
  <testcase classname="com.saucedemo.ai.tests.ProductCatalogRegressionTest" name="verifyPriorityProductCatalogFeatures" time="1.615"/>
  <testcase classname="com.saucedemo.ai.tests.ProductCatalogRegressionTest" name="verifyPriorityProductCatalogFeatures" time="1.238"/>
  <testcase classname="com.saucedemo.ai.tests.CartRegressionTest" name="verifyPriorityCartFunctionality" time="1.135"/>
  <testcase classname="com.saucedemo.ai.tests.CartRegressionTest" name="verifyPriorityCartFunctionality" time="1.208"/>
  <testcase classname="com.saucedemo.ai.tests.CartRegressionTest" name="verifyPriorityCartFunctionality" time="1.482"/>
  <testcase classname="com.saucedemo.ai.tests.CheckoutRegressionTest" name="verifyPriorityCheckoutAndOrderFlow" time="1.616"/>
  <testcase classname="com.saucedemo.ai.tests.CheckoutRegressionTest" name="verifyPriorityCheckoutAndOrderFlow" time="1.696"/>
  <testcase classname="com.saucedemo.ai.tests.CheckoutRegressionTest" name="verifyPriorityCheckoutAndOrderFlow" time="1.653"/>
  <testcase classname="com.saucedemo.ai.tests.CheckoutRegressionTest" name="verifyPriorityCheckoutAndOrderFlow" time="1.487"/>
  <testcase classname="com.saucedemo.ai.tests.CheckoutRegressionTest" name="verifyPriorityCheckoutAndOrderFlow" time="1.777"/>
  <testcase classname="com.saucedemo.ai.tests.CheckoutRegressionTest" name="verifyPriorityCheckoutAndOrderFlow" time="1.836"/>
  <testcase classname="com.saucedemo.ai.tests.NavigationSecurityRegressionTest" name="verifyPriorityNavigationSessionAndSecurity" time="1.731"/>
  <testcase classname="com.saucedemo.ai.tests.NavigationSecurityRegressionTest" name="verifyPriorityNavigationSessionAndSecurity" time="0.309"/>
  <testcase classname="com.saucedemo.ai.tests.NavigationSecurityRegressionTest" name="verifyPriorityNavigationSessionAndSecurity" time="0.357"/>
  <testcase classname="com.saucedemo.ai.tests.CartRegressionTest" name="verifyCartFunctionality" time="0.0">
    <ignored/>
  </testcase> <!-- verifyCartFunctionality -->
  <testcase classname="com.saucedemo.ai.tests.CheckoutRegressionTest" name="verifyCheckoutAndOrderFlow" time="0.0">
    <ignored/>
  </testcase> <!-- verifyCheckoutAndOrderFlow -->
  <testcase classname="com.saucedemo.ai.tests.LoginRegressionTest" name="verifyLoginValidation" time="0.0">
    <ignored/>
  </testcase> <!-- verifyLoginValidation -->
  <testcase classname="base.BaseTest" name="@AfterSuite tearDownSuite" time="0.0">
    <ignored/>
  </testcase> <!-- @AfterSuite tearDownSuite -->
  <testcase classname="com.saucedemo.ai.tests.NavigationSecurityRegressionTest" name="verifyNavigationSessionAndSecurity" time="0.0">
    <ignored/>
  </testcase> <!-- verifyNavigationSessionAndSecurity -->
  <testcase classname="base.BaseTest" name="@BeforeSuite setUpSuite" time="0.0">
    <ignored/>
  </testcase> <!-- @BeforeSuite setUpSuite -->
  <testcase classname="base.BaseTest" name="@BeforeSuite setUpSuite" time="0.0">
    <ignored/>
  </testcase> <!-- @BeforeSuite setUpSuite -->
  <testcase classname="base.BaseTest" name="@AfterSuite tearDownSuite" time="0.0">
    <ignored/>
  </testcase> <!-- @AfterSuite tearDownSuite -->
  <testcase classname="base.BaseTest" name="@AfterSuite tearDownSuite" time="0.0">
    <ignored/>
  </testcase> <!-- @AfterSuite tearDownSuite -->
  <testcase classname="base.BaseTest" name="@BeforeSuite setUpSuite" time="0.0">
    <ignored/>
  </testcase> <!-- @BeforeSuite setUpSuite -->
  <testcase classname="com.saucedemo.ai.tests.ProductCatalogRegressionTest" name="verifyProductCatalogFeatures" time="0.0">
    <ignored/>
  </testcase> <!-- verifyProductCatalogFeatures -->
  <testcase classname="base.BaseTest" name="@AfterSuite tearDownSuite" time="0.0">
    <ignored/>
  </testcase> <!-- @AfterSuite tearDownSuite -->
  <testcase classname="base.BaseTest" name="@BeforeSuite setUpSuite" time="0.0">
    <ignored/>
  </testcase> <!-- @BeforeSuite setUpSuite -->
  <testcase classname="base.BaseTest" name="@BeforeSuite setUpSuite" time="0.0">
    <ignored/>
  </testcase> <!-- @BeforeSuite setUpSuite -->
  <testcase classname="com.saucedemo.ai.tests.UserInterfaceRegressionTest" name="verifyUserInterfaceValidation" time="0.0">
    <ignored/>
  </testcase> <!-- verifyUserInterfaceValidation -->
  <testcase classname="base.BaseTest" name="@AfterSuite tearDownSuite" time="0.0">
    <ignored/>
  </testcase> <!-- @AfterSuite tearDownSuite -->
</testsuite> <!-- Priority Regression Tests -->
