<?xml version="1.0" encoding="UTF-8"?>
<!-- Generated by org.testng.reporters.JUnitReportReporter -->
<testsuite hostname="AishwaryaShinde" failures="0" tests="2" name="com.saucedemo.ai.tests.ProductCatalogRegressionTest" time="7.120" errors="0" timestamp="2026-05-28T09:19:32 IST" skipped="0">
  <testcase classname="com.saucedemo.ai.tests.ProductCatalogRegressionTest" name="verifyPriorityProductCatalogFeatures" time="3.693"/>
  <testcase classname="com.saucedemo.ai.tests.ProductCatalogRegressionTest" name="verifyPriorityProductCatalogFeatures" time="3.427"/>
</testsuite> <!-- com.saucedemo.ai.tests.ProductCatalogRegressionTest -->
