<?xml version="1.0" encoding="UTF-8"?>
<!-- Generated by org.testng.reporters.JUnitReportReporter -->
<testsuite hostname="AishwaryaShinde" failures="0" tests="6" name="com.saucedemo.ai.tests.CheckoutRegressionTest" time="23.240" errors="0" timestamp="2026-05-28T09:19:32 IST" skipped="0">
  <testcase classname="com.saucedemo.ai.tests.CheckoutRegressionTest" name="verifyPriorityCheckoutAndOrderFlow" time="4.073"/>
  <testcase classname="com.saucedemo.ai.tests.CheckoutRegressionTest" name="verifyPriorityCheckoutAndOrderFlow" time="3.746"/>
  <testcase classname="com.saucedemo.ai.tests.CheckoutRegressionTest" name="verifyPriorityCheckoutAndOrderFlow" time="3.765"/>
  <testcase classname="com.saucedemo.ai.tests.CheckoutRegressionTest" name="verifyPriorityCheckoutAndOrderFlow" time="3.804"/>
  <testcase classname="com.saucedemo.ai.tests.CheckoutRegressionTest" name="verifyPriorityCheckoutAndOrderFlow" time="3.920"/>
  <testcase classname="com.saucedemo.ai.tests.CheckoutRegressionTest" name="verifyPriorityCheckoutAndOrderFlow" time="3.932"/>
</testsuite> <!-- com.saucedemo.ai.tests.CheckoutRegressionTest -->
