<?xml version="1.0" encoding="UTF-8"?>
<!-- Generated by org.testng.reporters.JUnitReportReporter -->
<testsuite hostname="AishwaryaShinde" failures="0" tests="3" name="com.saucedemo.ai.tests.CartRegressionTest" time="10.217" errors="0" timestamp="2026-05-28T09:19:32 IST" skipped="0">
  <testcase classname="com.saucedemo.ai.tests.CartRegressionTest" name="verifyPriorityCartFunctionality" time="3.303"/>
  <testcase classname="com.saucedemo.ai.tests.CartRegressionTest" name="verifyPriorityCartFunctionality" time="3.333"/>
  <testcase classname="com.saucedemo.ai.tests.CartRegressionTest" name="verifyPriorityCartFunctionality" time="3.581"/>
</testsuite> <!-- com.saucedemo.ai.tests.CartRegressionTest -->
