<?xml version="1.0" encoding="UTF-8"?>
<!-- Generated by org.testng.reporters.JUnitReportReporter -->
<testsuite hostname="AishwaryaShinde" failures="0" tests="3" name="com.saucedemo.ai.tests.NavigationSecurityRegressionTest" time="9.221" errors="0" timestamp="2026-05-28T09:19:32 IST" skipped="0">
  <testcase classname="com.saucedemo.ai.tests.NavigationSecurityRegressionTest" name="verifyPriorityNavigationSessionAndSecurity" time="2.527"/>
  <testcase classname="com.saucedemo.ai.tests.NavigationSecurityRegressionTest" name="verifyPriorityNavigationSessionAndSecurity" time="4.225"/>
  <testcase classname="com.saucedemo.ai.tests.NavigationSecurityRegressionTest" name="verifyPriorityNavigationSessionAndSecurity" time="2.469"/>
</testsuite> <!-- com.saucedemo.ai.tests.NavigationSecurityRegressionTest -->
